[INFO] Scanning for projects...
[INFO]                                                                         
[INFO] ------------------------------------------------------------------------
[INFO] Building KinesisProducerLibrary Sample Application 1.0.0
[INFO] ------------------------------------------------------------------------
[INFO] 
[INFO] --- exec-maven-plugin:1.6.0:java (default-cli) @ amazon-kinesis-producer-sample ---
[com.amazonaws.services.kinesis.producer.sample.SampleProducer.main()] INFO com.amazonaws.services.kinesis.producer.KinesisProducer - Extracting binaries to /tmp/amazon-kinesis-producer-native-binaries
[com.amazonaws.services.kinesis.producer.sample.SampleProducer.main()] INFO com.amazonaws.services.kinesis.producer.HashedFileCopier - '/tmp/amazon-kinesis-producer-native-binaries/kinesis_producer_685427917724EC847D7D65F261E7040F3FCCB039' already exists, and matches.  Not overwriting.
[com.amazonaws.services.kinesis.producer.sample.SampleProducer.main()] INFO com.amazonaws.services.kinesis.producer.sample.SampleProducer - Starting puts... will run for 5 seconds at 2000 records per second
[kpl-daemon-0003] INFO com.amazonaws.services.kinesis.producer.LogInputStreamReader - [2019-08-22 11:14:54.569358] [0x000062c0][0x00007ff6cbc2c7c0] [info] [logging.cc:83] Set boost log level to info
[kpl-daemon-0003] INFO com.amazonaws.services.kinesis.producer.LogInputStreamReader - [2019-08-22 11:14:54.569424] [0x000062c0][0x00007ff6cbc2c7c0] [info] [logging.cc:170] Set AWS Log Level to WARN
[kpl-daemon-0003] INFO com.amazonaws.services.kinesis.producer.LogInputStreamReader - [2019-08-22 11:14:54.574149] [0x000062c0][0x00007ff6cbc2c7c0] [info] [main.cc:346] Setting CA path to /tmp/amazon-kinesis-producer-native-binaries/cacerts
[kpl-daemon-0003] INFO com.amazonaws.services.kinesis.producer.LogInputStreamReader - [2019-08-22 11:14:54.574172] [0x000062c0][0x00007ff6cbc2c7c0] [info] [main.cc:382] Starting up main producer
[kpl-daemon-0003] INFO com.amazonaws.services.kinesis.producer.LogInputStreamReader - [2019-08-22 11:14:54.574192] [0x000062c0][0x00007ff6cbc2c7c0] [info] [kinesis_producer.cc:101] Using Region: ap-northeast-1
[kpl-daemon-0003] INFO com.amazonaws.services.kinesis.producer.LogInputStreamReader - [2019-08-22 11:14:54.574201] [0x000062c0][0x00007ff6cbc2c7c0] [info] [kinesis_producer.cc:120] Using per request threading model.
[kpl-daemon-0003] INFO com.amazonaws.services.kinesis.producer.LogInputStreamReader - [2019-08-22 11:14:54.574208] [0x000062c0][0x00007ff6cbc2c7c0] [info] [kinesis_producer.cc:52] Using default Kinesis endpoint
[kpl-daemon-0003] INFO com.amazonaws.services.kinesis.producer.LogInputStreamReader - [2019-08-22 11:14:54.574228] [0x000062c0][0x00007ff6cbc2c7c0] [info] [kinesis_producer.cc:101] Using Region: ap-northeast-1
[kpl-daemon-0003] INFO com.amazonaws.services.kinesis.producer.LogInputStreamReader - [2019-08-22 11:14:54.574235] [0x000062c0][0x00007ff6cbc2c7c0] [info] [kinesis_producer.cc:120] Using per request threading model.
[kpl-daemon-0003] INFO com.amazonaws.services.kinesis.producer.LogInputStreamReader - [2019-08-22 11:14:54.574241] [0x000062c0][0x00007ff6cbc2c7c0] [info] [kinesis_producer.cc:52] Using default CloudWatch endpoint
[kpl-daemon-0003] INFO com.amazonaws.services.kinesis.producer.LogInputStreamReader - [2019-08-22 11:14:54.574284] [0x000062c0][0x00007ff6cbc2c7c0] [info] [main.cc:393] Entering join
[kpl-daemon-0003] INFO com.amazonaws.services.kinesis.producer.LogInputStreamReader - [2019-08-22 11:14:54.592837] [0x000062c0][0x00007ff6caad4700] [info] [kinesis_producer.cc:197] Created pipeline for stream "xonqa-aws-kds-t10"
[kpl-daemon-0003] INFO com.amazonaws.services.kinesis.producer.LogInputStreamReader - [2019-08-22 11:14:54.592928] [0x000062c0][0x00007ff6caad4700] [info] [shard_map.cc:79] Updating shard map for stream "xonqa-aws-kds-t10"
[kpl-daemon-0003] INFO com.amazonaws.services.kinesis.producer.LogInputStreamReader - [2019-08-22 11:14:54.652672] [0x000062c0][0x00007ff6bb7fe700] [info] [shard_map.cc:144] Successfully updated shard map for stream "xonqa-aws-kds-t10" found 2 shards
[pool-1-thread-1] INFO com.amazonaws.services.kinesis.producer.sample.SampleProducer - Put 1994 of 10000 so far (19.94 %), 0 have completed (0.00 %)
[pool-1-thread-1] INFO com.amazonaws.services.kinesis.producer.sample.SampleProducer - Put 3994 of 10000 so far (39.94 %), 0 have completed (0.00 %)
[pool-1-thread-1] INFO com.amazonaws.services.kinesis.producer.sample.SampleProducer - Put 5995 of 10000 so far (59.95 %), 2634 have completed (26.34 %)
[pool-1-thread-1] INFO com.amazonaws.services.kinesis.producer.sample.SampleProducer - Put 7994 of 10000 so far (79.94 %), 4868 have completed (48.68 %)
[pool-1-thread-1] INFO com.amazonaws.services.kinesis.producer.sample.SampleProducer - Put 9994 of 10000 so far (99.94 %), 6665 have completed (66.65 %)
[com.amazonaws.services.kinesis.producer.sample.SampleProducer.main()] INFO com.amazonaws.services.kinesis.producer.sample.SampleProducer - Waiting for remaining puts to finish...
[com.amazonaws.services.kinesis.producer.sample.SampleProducer.main()] INFO com.amazonaws.services.kinesis.producer.sample.SampleProducer - All records complete.
[com.amazonaws.services.kinesis.producer.sample.SampleProducer.main()] INFO com.amazonaws.services.kinesis.producer.sample.SampleProducer - Finished.
